#
# There is insufficient memory for the Java Runtime Environment to continue.
# Native memory allocation (malloc) failed to allocate 3673936 bytes for Chunk::new
# Possible reasons:
#   The system is out of physical RAM or swap space
#   In 32 bit mode, the process size limit was hit
# Possible solutions:
#   Reduce memory load on the system
#   Increase physical memory or swap space
#   Check if swap backing store is full
#   Use 64 bit Java on a 64 bit OS
#   Decrease Java heap size (-Xmx/-Xms)
#   Decrease number of Java threads
#   Decrease Java thread stack sizes (-Xss)
#   Set larger code cache with -XX:ReservedCodeCacheSize=
# This output file may be truncated or incomplete.
#
#  Out of Memory Error (allocation.cpp:390), pid=16712, tid=7888
#
# JRE version: Java(TM) SE Runtime Environment (8.0_40-b12) (build 1.8.0_40-ea-b12)
# Java VM: Java HotSpot(TM) 64-Bit Server VM (25.40-b16 mixed mode windows-amd64 compressed oops)
# Failed to write core dump. Minidumps are not enabled by default on client versions of Windows
#

---------------  T H R E A D  ---------------

Current thread (0x00000000199c4800):  JavaThread "C2 CompilerThread0" daemon [_thread_in_native, id=7888, stack(0x000000001a210000,0x000000001a310000)]

Stack: [0x000000001a210000,0x000000001a310000]
Native frames: (J=compiled Java code, j=interpreted, Vv=VM code, C=native code)
V  [jvm.dll+0x32493a]
V  [jvm.dll+0x272fd3]
V  [jvm.dll+0x273c69]
V  [jvm.dll+0x26b065]
V  [jvm.dll+0xc8d12]
V  [jvm.dll+0xc91cc]
V  [jvm.dll+0x48b38c]
V  [jvm.dll+0x4586ef]
V  [jvm.dll+0x46372e]
V  [jvm.dll+0x465d42]
V  [jvm.dll+0x449122]
V  [jvm.dll+0xa1862]
V  [jvm.dll+0xa21d3]
V  [jvm.dll+0x23b224]
V  [jvm.dll+0x2917fa]
C  [msvcr100.dll+0x21d9f]
C  [msvcr100.dll+0x21e3b]
C  [KERNEL32.DLL+0x17974]
C  [ntdll.dll+0x6a271]


Current CompileTask:
C2:  76654 9135  s    4       java.beans.PropertyDescriptor::setWriteMethod (61 bytes)


---------------  P R O C E S S  ---------------

Java Threads: ( => current thread )
  0x000000002a56a000 JavaThread "container-0" [_thread_blocked, id=15856, stack(0x000000002ddb0000,0x000000002deb0000)]
  0x000000002a569800 JavaThread "ContainerBackgroundProcessor[StandardEngine[Tomcat]]" daemon [_thread_blocked, id=17576, stack(0x000000002dcb0000,0x000000002ddb0000)]
  0x000000002471e800 JavaThread "DefaultQuartzScheduler_QuartzSchedulerThread" [_thread_blocked, id=16764, stack(0x000000002dbb0000,0x000000002dcb0000)]
  0x000000002471d000 JavaThread "DefaultQuartzScheduler_Worker-10" [_thread_blocked, id=18220, stack(0x000000002dab0000,0x000000002dbb0000)]
  0x0000000024724000 JavaThread "DefaultQuartzScheduler_Worker-9" [_thread_blocked, id=13388, stack(0x000000002d9b0000,0x000000002dab0000)]
  0x000000002471f800 JavaThread "DefaultQuartzScheduler_Worker-8" [_thread_blocked, id=7616, stack(0x000000002d8b0000,0x000000002d9b0000)]
  0x0000000024723000 JavaThread "DefaultQuartzScheduler_Worker-7" [_thread_blocked, id=18168, stack(0x000000002d7b0000,0x000000002d8b0000)]
  0x0000000024722800 JavaThread "DefaultQuartzScheduler_Worker-6" [_thread_blocked, id=3012, stack(0x000000002d6b0000,0x000000002d7b0000)]
  0x000000002471e000 JavaThread "DefaultQuartzScheduler_Worker-5" [_thread_blocked, id=1584, stack(0x000000002d5b0000,0x000000002d6b0000)]
  0x0000000024721800 JavaThread "DefaultQuartzScheduler_Worker-4" [_thread_blocked, id=13464, stack(0x000000002d4b0000,0x000000002d5b0000)]
  0x0000000024721000 JavaThread "DefaultQuartzScheduler_Worker-3" [_thread_blocked, id=12684, stack(0x000000002d3b0000,0x000000002d4b0000)]
  0x000000001c3bc000 JavaThread "DefaultQuartzScheduler_Worker-2" [_thread_blocked, id=18108, stack(0x000000002c9e0000,0x000000002cae0000)]
  0x000000002a3a2000 JavaThread "DefaultQuartzScheduler_Worker-1" [_thread_blocked, id=15280, stack(0x000000002c8e0000,0x000000002c9e0000)]
  0x000000001b67b000 JavaThread "javamelody webdemo" daemon [_thread_blocked, id=15716, stack(0x000000002c5d0000,0x000000002c6d0000)]
  0x00000000225d8800 JavaThread "localhost-startStop-1" daemon [_thread_blocked, id=17600, stack(0x0000000029800000,0x0000000029900000)]
  0x000000001e9b7800 JavaThread "Tomcat-startStop-1" daemon [_thread_blocked, id=15996, stack(0x0000000028220000,0x0000000028320000)]
  0x000000001c8ff000 JavaThread "Druid-ConnectionPool-Destroy-620301055" daemon [_thread_blocked, id=17440, stack(0x0000000025740000,0x0000000025840000)]
  0x0000000024562800 JavaThread "Druid-ConnectionPool-Create-620301055" daemon [_thread_blocked, id=2692, stack(0x0000000023640000,0x0000000023740000)]
  0x000000001be02800 JavaThread "Abandoned connection cleanup thread" daemon [_thread_blocked, id=18216, stack(0x00000000220f0000,0x00000000221f0000)]
  0x00000000225ff800 JavaThread "Log4j2-TF-8-Scheduled-3" daemon [_thread_blocked, id=15276, stack(0x000000001f610000,0x000000001f710000)]
  0x0000000019cad000 JavaThread "Service Thread" daemon [_thread_blocked, id=16404, stack(0x000000001a610000,0x000000001a710000)]
  0x00000000199d9000 JavaThread "C1 CompilerThread3" daemon [_thread_blocked, id=12636, stack(0x000000001a510000,0x000000001a610000)]
  0x00000000199d8000 JavaThread "C2 CompilerThread2" daemon [_thread_in_native, id=16428, stack(0x000000001a410000,0x000000001a510000)]
  0x00000000199cf800 JavaThread "C2 CompilerThread1" daemon [_thread_in_native, id=17852, stack(0x000000001a310000,0x000000001a410000)]
=>0x00000000199c4800 JavaThread "C2 CompilerThread0" daemon [_thread_in_native, id=7888, stack(0x000000001a210000,0x000000001a310000)]
  0x00000000199b7800 JavaThread "JDWP Command Reader" daemon [_thread_in_native, id=17480, stack(0x000000001a110000,0x000000001a210000)]
  0x00000000199b6800 JavaThread "JDWP Event Helper Thread" daemon [_thread_blocked, id=11160, stack(0x000000001a010000,0x000000001a110000)]
  0x00000000199ad000 JavaThread "JDWP Transport Listener: dt_socket" daemon [_thread_blocked, id=16884, stack(0x0000000019f10000,0x000000001a010000)]
  0x00000000199a0000 JavaThread "Attach Listener" daemon [_thread_blocked, id=13332, stack(0x0000000019e10000,0x0000000019f10000)]
  0x000000001999f800 JavaThread "Signal Dispatcher" daemon [_thread_blocked, id=15932, stack(0x0000000019d10000,0x0000000019e10000)]
  0x0000000017932800 JavaThread "Finalizer" daemon [_thread_blocked, id=11488, stack(0x0000000019810000,0x0000000019910000)]
  0x000000001792b000 JavaThread "Reference Handler" daemon [_thread_blocked, id=7396, stack(0x0000000019710000,0x0000000019810000)]
  0x0000000002879800 JavaThread "main" [_thread_in_vm, id=11440, stack(0x0000000002770000,0x0000000002870000)]

Other Threads:
  0x0000000017926800 VMThread [stack: 0x0000000019610000,0x0000000019710000] [id=2636]
  0x0000000019cb3000 WatcherThread [stack: 0x000000001a710000,0x000000001a810000] [id=17932]

VM state:not at safepoint (normal execution)

VM Mutex/Monitor currently owned by a thread: None

Heap:
 PSYoungGen      total 317952K, used 33880K [0x00000000d5c00000, 0x00000000ee380000, 0x0000000100000000)
  eden space 294912K, 3% used [0x00000000d5c00000,0x00000000d6697908,0x00000000e7c00000)
  from space 23040K, 99% used [0x00000000e7c00000,0x00000000e927e7f0,0x00000000e9280000)
  to   space 31232K, 0% used [0x00000000ec500000,0x00000000ec500000,0x00000000ee380000)
 ParOldGen       total 132608K, used 59129K [0x0000000081400000, 0x0000000089580000, 0x00000000d5c00000)
  object space 132608K, 44% used [0x0000000081400000,0x0000000084dbe5c0,0x0000000089580000)
 Metaspace       used 76643K, capacity 78849K, committed 79104K, reserved 1118208K
  class space    used 9231K, capacity 9640K, committed 9728K, reserved 1048576K

Card table byte_map: [0x0000000011d30000,0x0000000012130000] byte_map_base: 0x0000000011926000

Marking Bits: (ParMarkBitMap*) 0x0000000050f79db0
 Begin Bits: [0x0000000012be0000, 0x0000000014b90000)
 End Bits:   [0x0000000014b90000, 0x0000000016b40000)

Polling page: 0x00000000021a0000

CodeCache: size=245760Kb used=32845Kb max_used=32881Kb free=212914Kb
 bounds [0x0000000002970000, 0x00000000049b0000, 0x0000000011970000]
 total_blobs=8135 nmethods=7527 adapters=527
 compilation: enabled

Compilation events (10 events):
Event: 76.215 Thread 0x00000000199d9000 9170       3       org.springframework.beans.factory.annotation.AutowiredAnnotationBeanPostProcessor$$Lambda$175/955443582::get$Lambda (11 bytes)
Event: 76.215 Thread 0x00000000199d9000 nmethod 9170 0x00000000049a6110 code [0x00000000049a6280, 0x00000000049a6510]
Event: 76.215 Thread 0x00000000199d9000 9171       3       org.springframework.beans.factory.annotation.AutowiredAnnotationBeanPostProcessor$$Lambda$175/955443582::<init> (20 bytes)
Event: 76.216 Thread 0x00000000199d9000 nmethod 9171 0x00000000049a6650 code [0x00000000049a67a0, 0x00000000049a6990]
Event: 76.318 Thread 0x00000000199d9000 9172   !   3       org.springframework.core.annotation.AnnotationUtils::getAnnotation (86 bytes)
Event: 76.319 Thread 0x00000000199d9000 nmethod 9172 0x00000000049a6a50 code [0x00000000049a6c80, 0x00000000049a7738]
Event: 76.325 Thread 0x00000000199d9000 9173       3       java.security.CodeSource::hashCode (17 bytes)
Event: 76.326 Thread 0x00000000199d9000 nmethod 9173 0x00000000049a7e90 code [0x00000000049a8020, 0x00000000049a85c8]
Event: 76.335 Thread 0x00000000199d9000 9174       1       org.springframework.beans.factory.config.BeanExpressionContext::getBeanFactory (5 bytes)
Event: 76.335 Thread 0x00000000199d9000 nmethod 9174 0x0000000004911790 code [0x00000000049118e0, 0x00000000049119f0]

GC Heap History (10 events):
Event: 48.254 GC heap before
{Heap before GC invocations=18 (full 3):
 PSYoungGen      total 228864K, used 211968K [0x00000000d5c00000, 0x00000000e4c00000, 0x0000000100000000)
  eden space 211968K, 100% used [0x00000000d5c00000,0x00000000e2b00000,0x00000000e2b00000)
  from space 16896K, 0% used [0x00000000e3b80000,0x00000000e3b80000,0x00000000e4c00000)
  to   space 16896K, 0% used [0x00000000e2b00000,0x00000000e2b00000,0x00000000e3b80000)
 ParOldGen       total 132608K, used 34577K [0x0000000081400000, 0x0000000089580000, 0x00000000d5c00000)
  object space 132608K, 26% used [0x0000000081400000,0x00000000835c4418,0x0000000089580000)
 Metaspace       used 64392K, capacity 66027K, committed 66048K, reserved 1107968K
  class space    used 8141K, capacity 8442K, committed 8448K, reserved 1048576K
Event: 48.309 GC heap after
Heap after GC invocations=18 (full 3):
 PSYoungGen      total 228864K, used 11590K [0x00000000d5c00000, 0x00000000e7b80000, 0x0000000100000000)
  eden space 211968K, 0% used [0x00000000d5c00000,0x00000000d5c00000,0x00000000e2b00000)
  from space 16896K, 68% used [0x00000000e2b00000,0x00000000e36518a0,0x00000000e3b80000)
  to   space 17408K, 0% used [0x00000000e6a80000,0x00000000e6a80000,0x00000000e7b80000)
 ParOldGen       total 132608K, used 34585K [0x0000000081400000, 0x0000000089580000, 0x00000000d5c00000)
  object space 132608K, 26% used [0x0000000081400000,0x00000000835c6418,0x0000000089580000)
 Metaspace       used 64392K, capacity 66027K, committed 66048K, reserved 1107968K
  class space    used 8141K, capacity 8442K, committed 8448K, reserved 1048576K
}
Event: 51.015 GC heap before
{Heap before GC invocations=19 (full 3):
 PSYoungGen      total 228864K, used 223558K [0x00000000d5c00000, 0x00000000e7b80000, 0x0000000100000000)
  eden space 211968K, 100% used [0x00000000d5c00000,0x00000000e2b00000,0x00000000e2b00000)
  from space 16896K, 68% used [0x00000000e2b00000,0x00000000e36518a0,0x00000000e3b80000)
  to   space 17408K, 0% used [0x00000000e6a80000,0x00000000e6a80000,0x00000000e7b80000)
 ParOldGen       total 132608K, used 34585K [0x0000000081400000, 0x0000000089580000, 0x00000000d5c00000)
  object space 132608K, 26% used [0x0000000081400000,0x00000000835c6418,0x0000000089580000)
 Metaspace       used 66312K, capacity 68003K, committed 68096K, reserved 1107968K
  class space    used 8300K, capacity 8644K, committed 8704K, reserved 1048576K
Event: 51.038 GC heap after
Heap after GC invocations=19 (full 3):
 PSYoungGen      total 276480K, used 12031K [0x00000000d5c00000, 0x00000000e7c00000, 0x0000000100000000)
  eden space 259072K, 0% used [0x00000000d5c00000,0x00000000d5c00000,0x00000000e5900000)
  from space 17408K, 69% used [0x00000000e6a80000,0x00000000e763fcd0,0x00000000e7b80000)
  to   space 17920K, 0% used [0x00000000e5900000,0x00000000e5900000,0x00000000e6a80000)
 ParOldGen       total 132608K, used 34593K [0x0000000081400000, 0x0000000089580000, 0x00000000d5c00000)
  object space 132608K, 26% used [0x0000000081400000,0x00000000835c8418,0x0000000089580000)
 Metaspace       used 66312K, capacity 68003K, committed 68096K, reserved 1107968K
  class space    used 8300K, capacity 8644K, committed 8704K, reserved 1048576K
}
Event: 57.121 GC heap before
{Heap before GC invocations=20 (full 3):
 PSYoungGen      total 276480K, used 271103K [0x00000000d5c00000, 0x00000000e7c00000, 0x0000000100000000)
  eden space 259072K, 100% used [0x00000000d5c00000,0x00000000e5900000,0x00000000e5900000)
  from space 17408K, 69% used [0x00000000e6a80000,0x00000000e763fcd0,0x00000000e7b80000)
  to   space 17920K, 0% used [0x00000000e5900000,0x00000000e5900000,0x00000000e6a80000)
 ParOldGen       total 132608K, used 34593K [0x0000000081400000, 0x0000000089580000, 0x00000000d5c00000)
  object space 132608K, 26% used [0x0000000081400000,0x00000000835c8418,0x0000000089580000)
 Metaspace       used 67645K, capacity 69461K, committed 69760K, reserved 1110016K
  class space    used 8424K, capacity 8765K, committed 8832K, reserved 1048576K
Event: 57.161 GC heap after
Heap after GC invocations=20 (full 3):
 PSYoungGen      total 276992K, used 17909K [0x00000000d5c00000, 0x00000000ea800000, 0x0000000100000000)
  eden space 259072K, 0% used [0x00000000d5c00000,0x00000000d5c00000,0x00000000e5900000)
  from space 17920K, 99% used [0x00000000e5900000,0x00000000e6a7d4b0,0x00000000e6a80000)
  to   space 22016K, 0% used [0x00000000e9280000,0x00000000e9280000,0x00000000ea800000)
 ParOldGen       total 132608K, used 38940K [0x0000000081400000, 0x0000000089580000, 0x00000000d5c00000)
  object space 132608K, 29% used [0x0000000081400000,0x0000000083a07170,0x0000000089580000)
 Metaspace       used 67645K, capacity 69461K, committed 69760K, reserved 1110016K
  class space    used 8424K, capacity 8765K, committed 8832K, reserved 1048576K
}
Event: 64.794 GC heap before
{Heap before GC invocations=21 (full 3):
 PSYoungGen      total 276992K, used 276981K [0x00000000d5c00000, 0x00000000ea800000, 0x0000000100000000)
  eden space 259072K, 100% used [0x00000000d5c00000,0x00000000e5900000,0x00000000e5900000)
  from space 17920K, 99% used [0x00000000e5900000,0x00000000e6a7d4b0,0x00000000e6a80000)
  to   space 22016K, 0% used [0x00000000e9280000,0x00000000e9280000,0x00000000ea800000)
 ParOldGen       total 132608K, used 38940K [0x0000000081400000, 0x0000000089580000, 0x00000000d5c00000)
  object space 132608K, 29% used [0x0000000081400000,0x0000000083a07170,0x0000000089580000)
 Metaspace       used 71131K, capacity 73049K, committed 73216K, reserved 1114112K
  class space    used 8812K, capacity 9157K, committed 9216K, reserved 1048576K
Event: 64.850 GC heap after
Heap after GC invocations=21 (full 3):
 PSYoungGen      total 316928K, used 15604K [0x00000000d5c00000, 0x00000000eaa00000, 0x0000000100000000)
  eden space 294912K, 0% used [0x00000000d5c00000,0x00000000d5c00000,0x00000000e7c00000)
  from space 22016K, 70% used [0x00000000e9280000,0x00000000ea1bd250,0x00000000ea800000)
  to   space 23040K, 0% used [0x00000000e7c00000,0x00000000e7c00000,0x00000000e9280000)
 ParOldGen       total 132608K, used 46587K [0x0000000081400000, 0x0000000089580000, 0x00000000d5c00000)
  object space 132608K, 35% used [0x0000000081400000,0x000000008417ec90,0x0000000089580000)
 Metaspace       used 71131K, capacity 73049K, committed 73216K, reserved 1114112K
  class space    used 8812K, capacity 9157K, committed 9216K, reserved 1048576K
}
Event: 76.395 GC heap before
{Heap before GC invocations=22 (full 3):
 PSYoungGen      total 316928K, used 310516K [0x00000000d5c00000, 0x00000000eaa00000, 0x0000000100000000)
  eden space 294912K, 100% used [0x00000000d5c00000,0x00000000e7c00000,0x00000000e7c00000)
  from space 22016K, 70% used [0x00000000e9280000,0x00000000ea1bd250,0x00000000ea800000)
  to   space 23040K, 0% used [0x00000000e7c00000,0x00000000e7c00000,0x00000000e9280000)
 ParOldGen       total 132608K, used 46587K [0x0000000081400000, 0x0000000089580000, 0x00000000d5c00000)
  object space 132608K, 35% used [0x0000000081400000,0x000000008417ec90,0x0000000089580000)
 Metaspace       used 76637K, capacity 78849K, committed 79104K, reserved 1118208K
  class space    used 9229K, capacity 9640K, committed 9728K, reserved 1048576K
Event: 76.507 GC heap after
Heap after GC invocations=22 (full 3):
 PSYoungGen      total 317952K, used 23033K [0x00000000d5c00000, 0x00000000ee380000, 0x0000000100000000)
  eden space 294912K, 0% used [0x00000000d5c00000,0x00000000d5c00000,0x00000000e7c00000)
  from space 23040K, 99% used [0x00000000e7c00000,0x00000000e927e7f0,0x00000000e9280000)
  to   space 31232K, 0% used [0x00000000ec500000,0x00000000ec500000,0x00000000ee380000)
 ParOldGen       total 132608K, used 59129K [0x0000000081400000, 0x0000000089580000, 0x00000000d5c00000)
  object space 132608K, 44% used [0x0000000081400000,0x0000000084dbe5c0,0x0000000089580000)
 Metaspace       used 76637K, capacity 78849K, committed 79104K, reserved 1118208K
  class space    used 9229K, capacity 9640K, committed 9728K, reserved 1048576K
}

Deoptimization events (10 events):
Event: 76.582 Thread 0x0000000002879800 Uncommon trap: reason=range_check action=none pc=0x0000000002c9c31c method=sun.reflect.generics.parser.SignatureParser.current()C @ 34
Event: 76.582 Thread 0x0000000002879800 Uncommon trap: reason=range_check action=none pc=0x0000000002c9c31c method=sun.reflect.generics.parser.SignatureParser.current()C @ 34
Event: 76.582 Thread 0x0000000002879800 Uncommon trap: reason=unhandled action=none pc=0x0000000002a896d4 method=java.net.URLClassLoader.findClass(Ljava/lang/String;)Ljava/lang/Class; @ 44
Event: 76.584 Thread 0x0000000002879800 Uncommon trap: reason=unhandled action=none pc=0x0000000002a896d4 method=java.net.URLClassLoader.findClass(Ljava/lang/String;)Ljava/lang/Class; @ 44
Event: 76.585 Thread 0x0000000002879800 Uncommon trap: reason=unhandled action=none pc=0x0000000002a896d4 method=java.net.URLClassLoader.findClass(Ljava/lang/String;)Ljava/lang/Class; @ 44
Event: 76.586 Thread 0x0000000002879800 Uncommon trap: reason=unhandled action=none pc=0x0000000002a896d4 method=java.net.URLClassLoader.findClass(Ljava/lang/String;)Ljava/lang/Class; @ 44
Event: 76.587 Thread 0x0000000002879800 Uncommon trap: reason=unhandled action=none pc=0x0000000002a896d4 method=java.net.URLClassLoader.findClass(Ljava/lang/String;)Ljava/lang/Class; @ 44
Event: 76.588 Thread 0x0000000002879800 Uncommon trap: reason=unhandled action=none pc=0x0000000002a896d4 method=java.net.URLClassLoader.findClass(Ljava/lang/String;)Ljava/lang/Class; @ 44
Event: 76.588 Thread 0x0000000002879800 Uncommon trap: reason=unhandled action=none pc=0x0000000002a896d4 method=java.net.URLClassLoader.findClass(Ljava/lang/String;)Ljava/lang/Class; @ 44
Event: 76.589 Thread 0x0000000002879800 Uncommon trap: reason=unhandled action=none pc=0x0000000002a896d4 method=java.net.URLClassLoader.findClass(Ljava/lang/String;)Ljava/lang/Class; @ 44

Internal exceptions (10 events):
Event: 76.577 Thread 0x0000000002879800 Exception <a 'java/lang/ClassNotFoundException': com/tx/local/loanaccount/context/receiver/AbstractLoanAccountReceiverCustomizer> (0x00000000d5d63cc8) thrown at [D:\re\workspace\8-2-build-windows-amd64-cygwin\jdk8u40\1901.nc\hotspot\src\share\vm\classfile\1XÒ$S@
Event: 76.577 Thread 0x0000000002879800 Exception <a 'java/lang/ArrayIndexOutOfBoundsException': 78> (0x00000000d5d674a8) thrown at [D:\re\workspace\8-2-build-windows-amd64-cygwin\jdk8u40\1901.nc\hotspot\src\share\vm\interpreter\interpreterRuntime.cpp, line 366]
Event: 76.577 Thread 0x0000000002879800 Exception <a 'java/lang/ArrayIndexOutOfBoundsException': 57> (0x00000000d5d69348) thrown at [D:\re\workspace\8-2-build-windows-amd64-cygwin\jdk8u40\1901.nc\hotspot\src\share\vm\interpreter\interpreterRuntime.cpp, line 366]
Event: 76.578 Thread 0x0000000002879800 Exception <a 'java/lang/ArrayIndexOutOfBoundsException': 91> (0x00000000d5d6b8b0) thrown at [D:\re\workspace\8-2-build-windows-amd64-cygwin\jdk8u40\1901.nc\hotspot\src\share\vm\interpreter\interpreterRuntime.cpp, line 366]
Event: 76.581 Thread 0x0000000002879800 Exception <a 'java/lang/ClassNotFoundException': com/tx/local/loanaccount/context/receiver/change/AbstractChangeReceiverCustomizer> (0x00000000d5db1978) thrown at [D:\re\workspace\8-2-build-windows-amd64-cygwin\jdk8u40\1901.nc\hotspot\src\share\vm\classfil:Aˆ’0%S@
Event: 76.581 Thread 0x0000000002879800 Exception <a 'java/lang/ArrayIndexOutOfBoundsException': 101> (0x00000000d5db4980) thrown at [D:\re\workspace\8-2-build-windows-amd64-cygwin\jdk8u40\1901.nc\hotspot\src\share\vm\interpreter\interpreterRuntime.cpp, line 366]
Event: 76.582 Thread 0x0000000002879800 Exception <a 'java/lang/ArrayIndexOutOfBoundsException': 101> (0x00000000d5db6b08) thrown at [D:\re\workspace\8-2-build-windows-amd64-cygwin\jdk8u40\1901.nc\hotspot\src\share\vm\interpreter\interpreterRuntime.cpp, line 366]
Event: 76.582 Thread 0x0000000002879800 Exception <a 'java/lang/ArrayIndexOutOfBoundsException': 101> (0x00000000d5db8ab8) thrown at [D:\re\workspace\8-2-build-windows-amd64-cygwin\jdk8u40\1901.nc\hotspot\src\share\vm\interpreter\interpreterRuntime.cpp, line 366]
Event: 76.582 Thread 0x0000000002879800 Exception <a 'java/lang/ArrayIndexOutOfBoundsException': 148> (0x00000000d5dbb138) thrown at [D:\re\workspace\8-2-build-windows-amd64-cygwin\jdk8u40\1901.nc\hotspot\src\share\vm\interpreter\interpreterRuntime.cpp, line 366]
Event: 76.586 Thread 0x0000000002879800 Exception <a 'java/lang/ClassNotFoundException': com/tx/local/loanaccount/context/receiver/change/ChangeSettleInterestStatusReceiverCustomizer> (0x00000000d5dfef78) thrown at [D:\re\workspace\8-2-build-windows-amd64-cygwin\jdk8u40\1901.nc\hotspot\src\shareQÅ8¥Ì$S@

Events (10 events):
Event: 76.589 Thread 0x0000000002879800 DEOPT PACKING pc=0x0000000002a896d4 sp=0x000000000286d540
Event: 76.589 Thread 0x0000000002879800 DEOPT UNPACKING pc=0x00000000029b582a sp=0x000000000286d4e8 mode 2
Event: 76.589 Thread 0x0000000002879800 DEOPT PACKING pc=0x0000000002ff5fa0 sp=0x000000000286d650
Event: 76.589 Thread 0x0000000002879800 DEOPT UNPACKING pc=0x00000000029b787f sp=0x000000000286d328 mode 1
Event: 76.590 Thread 0x0000000002879800 DEOPT PACKING pc=0x0000000003c86d54 sp=0x000000000286df90
Event: 76.590 Thread 0x0000000002879800 DEOPT UNPACKING pc=0x00000000029b787f sp=0x000000000286dc90 mode 1
Event: 76.590 Thread 0x0000000002879800 DEOPT PACKING pc=0x0000000003c95274 sp=0x000000000286dfd0
Event: 76.590 Thread 0x0000000002879800 DEOPT UNPACKING pc=0x00000000029b787f sp=0x000000000286ddd8 mode 1
Event: 76.590 loading class com/tx/component/command/context/CommandReceiverCustomizer
Event: 76.590 loading class com/tx/component/command/context/CommandReceiverCustomizer done


Dynamic libraries:
0x00007ff6ef8a0000 - 0x00007ff6ef8d4000 	D:\develop\Java\jdk1.8.0_40\bin\javaw.exe
0x00007ff8c6780000 - 0x00007ff8c696d000 	C:\WINDOWS\SYSTEM32\ntdll.dll
0x00007ff8c5ef0000 - 0x00007ff8c5fa3000 	C:\WINDOWS\System32\KERNEL32.DLL
0x00007ff8c27f0000 - 0x00007ff8c2a83000 	C:\WINDOWS\System32\KERNELBASE.dll
0x00007ff8c58d0000 - 0x00007ff8c5973000 	C:\WINDOWS\System32\ADVAPI32.dll
0x00007ff8c5a20000 - 0x00007ff8c5abe000 	C:\WINDOWS\System32\msvcrt.dll
0x00007ff8c5980000 - 0x00007ff8c5a1e000 	C:\WINDOWS\System32\sechost.dll
0x00007ff8c5c70000 - 0x00007ff8c5d92000 	C:\WINDOWS\System32\RPCRT4.dll
0x00007ff8c5730000 - 0x00007ff8c58c7000 	C:\WINDOWS\System32\USER32.dll
0x00007ff8c3640000 - 0x00007ff8c3660000 	C:\WINDOWS\System32\win32u.dll
0x00007ff8c5ec0000 - 0x00007ff8c5ee9000 	C:\WINDOWS\System32\GDI32.dll
0x00007ff8c3760000 - 0x00007ff8c38f9000 	C:\WINDOWS\System32\gdi32full.dll
0x00007ff8c3360000 - 0x00007ff8c3400000 	C:\WINDOWS\System32\msvcp_win.dll
0x00007ff8c2a90000 - 0x00007ff8c2b8a000 	C:\WINDOWS\System32\ucrtbase.dll
0x00007ff8afbb0000 - 0x00007ff8afe29000 	C:\WINDOWS\WinSxS\amd64_microsoft.windows.common-controls_6595b64144ccf1df_6.0.17763.864_none_05b3441807210760\COMCTL32.dll
0x00007ff8c3c90000 - 0x00007ff8c3fbc000 	C:\WINDOWS\System32\combase.dll
0x00007ff8c32e0000 - 0x00007ff8c335e000 	C:\WINDOWS\System32\bcryptPrimitives.dll
0x00007ff8c66a0000 - 0x00007ff8c66ce000 	C:\WINDOWS\System32\IMM32.DLL
0x0000000051000000 - 0x00000000510d2000 	D:\develop\Java\jdk1.8.0_40\jre\bin\msvcr100.dll
0x0000000050780000 - 0x0000000050ff7000 	D:\develop\Java\jdk1.8.0_40\jre\bin\server\jvm.dll
0x00007ff8c6510000 - 0x00007ff8c6518000 	C:\WINDOWS\System32\PSAPI.DLL
0x00007ff8beef0000 - 0x00007ff8bef14000 	C:\WINDOWS\SYSTEM32\WINMM.dll
0x00007ff8b3870000 - 0x00007ff8b3879000 	C:\WINDOWS\SYSTEM32\WSOCK32.dll
0x00007ff8c65d0000 - 0x00007ff8c663d000 	C:\WINDOWS\System32\WS2_32.dll
0x00007ff8bee70000 - 0x00007ff8bee9d000 	C:\WINDOWS\SYSTEM32\winmmbase.dll
0x00007ff8c3660000 - 0x00007ff8c36aa000 	C:\WINDOWS\System32\cfgmgr32.dll
0x0000000050770000 - 0x000000005077f000 	D:\develop\Java\jdk1.8.0_40\jre\bin\verify.dll
0x0000000050740000 - 0x0000000050768000 	D:\develop\Java\jdk1.8.0_40\jre\bin\java.dll
0x0000000050270000 - 0x00000000502a5000 	D:\develop\Java\jdk1.8.0_40\jre\bin\jdwp.dll
0x0000000050260000 - 0x0000000050268000 	D:\develop\Java\jdk1.8.0_40\jre\bin\npt.dll
0x00000000506f0000 - 0x0000000050706000 	D:\develop\Java\jdk1.8.0_40\jre\bin\zip.dll
0x00007ff8c4160000 - 0x00007ff8c5654000 	C:\WINDOWS\System32\SHELL32.dll
0x00007ff8c5da0000 - 0x00007ff8c5e48000 	C:\WINDOWS\System32\shcore.dll
0x00007ff8c2b90000 - 0x00007ff8c32dd000 	C:\WINDOWS\System32\windows.storage.dll
0x00007ff8c27a0000 - 0x00007ff8c27c4000 	C:\WINDOWS\System32\profapi.dll
0x00007ff8c2720000 - 0x00007ff8c277d000 	C:\WINDOWS\System32\powrprof.dll
0x00007ff8c5e50000 - 0x00007ff8c5ea2000 	C:\WINDOWS\System32\shlwapi.dll
0x00007ff8c27d0000 - 0x00007ff8c27e1000 	C:\WINDOWS\System32\kernel.appcore.dll
0x00007ff8c3900000 - 0x00007ff8c3917000 	C:\WINDOWS\System32\cryptsp.dll
0x0000000050250000 - 0x0000000050259000 	D:\develop\Java\jdk1.8.0_40\jre\bin\dt_socket.dll
0x00007ff8afab0000 - 0x00007ff8afac6000 	C:\WINDOWS\system32\napinsp.dll
0x00007ff8af700000 - 0x00007ff8af71a000 	C:\WINDOWS\system32\pnrpnsp.dll
0x00007ff8c1f60000 - 0x00007ff8c1fc7000 	C:\WINDOWS\System32\mswsock.dll
0x00007ff8c1cc0000 - 0x00007ff8c1d86000 	C:\WINDOWS\SYSTEM32\DNSAPI.dll
0x00007ff8c6540000 - 0x00007ff8c6548000 	C:\WINDOWS\System32\NSI.dll
0x00007ff8c1c80000 - 0x00007ff8c1cbd000 	C:\WINDOWS\SYSTEM32\IPHLPAPI.DLL
0x00007ff8b80c0000 - 0x00007ff8b80ce000 	C:\WINDOWS\System32\winrnr.dll
0x00007ff8bf450000 - 0x00007ff8bf46b000 	C:\WINDOWS\system32\NLAapi.dll
0x00007ff8b9bf0000 - 0x00007ff8b9c05000 	C:\WINDOWS\system32\wshbth.dll
0x00007ff8b8d50000 - 0x00007ff8b8dc9000 	C:\WINDOWS\System32\fwpuclnt.dll
0x00007ff8c3920000 - 0x00007ff8c3946000 	C:\WINDOWS\System32\bcrypt.dll
0x00007ff8b86e0000 - 0x00007ff8b86ea000 	C:\Windows\System32\rasadhlp.dll
0x00000000502d0000 - 0x00000000502dd000 	D:\develop\Java\jdk1.8.0_40\jre\bin\management.dll
0x00000000506d0000 - 0x00000000506ea000 	D:\develop\Java\jdk1.8.0_40\jre\bin\net.dll
0x00000000506b0000 - 0x00000000506c1000 	D:\develop\Java\jdk1.8.0_40\jre\bin\nio.dll
0x00007ff8c1760000 - 0x00007ff8c1791000 	C:\WINDOWS\SYSTEM32\ntmarta.dll
0x00007ff8bb1d0000 - 0x00007ff8bb1e6000 	C:\WINDOWS\SYSTEM32\dhcpcsvc6.DLL
0x00007ff8bbcc0000 - 0x00007ff8bbcdc000 	C:\WINDOWS\SYSTEM32\dhcpcsvc.DLL
0x00007ff8c1ae0000 - 0x00007ff8c1b13000 	C:\WINDOWS\system32\rsaenh.dll
0x00007ff8c2620000 - 0x00007ff8c2648000 	C:\WINDOWS\SYSTEM32\USERENV.dll
0x00007ff8c2130000 - 0x00007ff8c213c000 	C:\WINDOWS\SYSTEM32\CRYPTBASE.dll
0x00000000502e0000 - 0x0000000050478000 	D:\develop\Java\jdk1.8.0_40\jre\bin\awt.dll
0x00007ff8c5660000 - 0x00007ff8c5724000 	C:\WINDOWS\System32\OLEAUT32.dll
0x00007ff8c0990000 - 0x00007ff8c0a1c000 	C:\WINDOWS\SYSTEM32\apphelp.dll
0x00007ff8a6780000 - 0x00007ff8a67cd000 	C:\WINDOWS\SYSTEM32\pdh.dll
0x00007ff8b8880000 - 0x00007ff8b888e000 	C:\WINDOWS\System32\perfos.dll
0x00007ff8befe0000 - 0x00007ff8befef000 	C:\WINDOWS\System32\perfproc.dll
0x00007ff8b3680000 - 0x00007ff8b386d000 	C:\WINDOWS\SYSTEM32\dbghelp.dll

VM Arguments:
jvm_args: -agentlib:jdwp=transport=dt_socket,suspend=y,address=localhost:63106 -Dfile.encoding=utf-8 
java_command: com.tx.local.boot.WebdemoBootApplication
java_class_path (initial): D:\develop\txworkspace\webdemo\target\classes;E:\repository\repo\org\projectlombok\lombok\1.16.22\lombok-1.16.22.jar;E:\repository\repo\org\springframework\boot\spring-boot-starter-tomcat\2.0.5.RELEASE\spring-boot-starter-tomcat-2.0.5.RELEASE.jar;E:\repository\repo\javax\annotation\javax.annotation-api\1.3.2\javax.annotation-api-1.3.2.jar;E:\repository\repo\org\apache\tomcat\embed\tomcat-embed-core\8.5.34\tomcat-embed-core-8.5.34.jar;E:\repository\repo\org\apache\tomcat\embed\tomcat-embed-el\8.5.34\tomcat-embed-el-8.5.34.jar;E:\repository\repo\org\apache\tomcat\embed\tomcat-embed-websocket\8.5.34\tomcat-embed-websocket-8.5.34.jar;E:\repository\repo\net\bull\javamelody\javamelody-spring-boot-starter\1.77.0\javamelody-spring-boot-starter-1.77.0.jar;E:\repository\repo\net\bull\javamelody\javamelody-core\1.77.0\javamelody-core-1.77.0.jar;E:\repository\repo\org\jrobin\jrobin\1.5.9\jrobin-1.5.9.jar;E:\repository\repo\com\alibaba\druid-spring-boot-starter\1.1.16\druid-spring-boot-starter-1.1.16.jar;E:\repository\repo\com\alibaba\druid\1.1.16\druid-1.1.16.jar;E:\repository\repo\org\slf4j\slf4j-api\1.7.25\slf4j-api-1.7.25.jar;E:\repository\repo\org\springframework\boot\spring-boot-autoconfigure\2.0.5.RELEASE\spring-boot-autoconfigure-2.0.5.RELEASE.jar;E:\repository\repo\org\springframework\cloud\spring-cloud-starter-openfeign\2.0.3.RELEASE\spring-cloud-starter-openfeign-2.0.3.RELEASE.jar;E:\repository\repo\org\springframework\cloud\spring-cloud-starter\2.0.3.RELEASE\spring-cloud-starter-2.0.3.RELEASE.jar;E:\repository\repo\org\springframework\cloud\spring-cloud-context\2.0.3.RELEASE\spring-cloud-context-2.0.3.RELEASE.jar;E:\repository\repo\org\springframework\security\spring-security-rsa\1.0.7.RELEASE\spring-security-rsa-1.0.7.RELEASE.jar;E:\repository\repo\org\bouncycastle\bcpkix-jdk15on\1.60\bcpkix-jdk15on-1.60.jar;E:\repository\repo\org\bouncycastle\bcprov-jdk15on\1.60\bcprov-jdk15on-1.60.jar;E:\repository\repo\org\springframework\cloud\spring
Launcher Type: SUN_STANDARD

Environment Variables:
JAVA_HOME=D:\develop\Java\jdk1.7.0_51
PATH=D:\develop\Java\jdk1.8.0_40\jre\bin;D:\develop\Java\jdk1.7.0_51\bin;D:\develop\Python\Python3_7;E:\develop\nodejs;D:\develop\apache-maven-3.1.1\bin;D:\develop\gradle-2.7\bin;C:\Program Files (x86)\NVIDIA Corporation\PhysX\Common;C:\WINDOWS\system32;C:\WINDOWS;C:\WINDOWS\System32\Wbem;C:\WINDOWS\System32\WindowsPowerShell\v1.0\;C:\Program Files\TortoiseSVN\bin;C:\WINDOWS\System32\OpenSSH\;C:\Program Files\dotnet\;C:\Program Files\Microsoft SQL Server\130\Tools\Binn\;C:\Program Files\Microsoft SQL Server\Client SDK\ODBC\170\Tools\Binn\;C:\Users\Administrator\AppData\Local\Microsoft\WindowsApps;
USERNAME=Administrator
OS=Windows_NT
PROCESSOR_IDENTIFIER=Intel64 Family 6 Model 60 Stepping 3, GenuineIntel



---------------  S Y S T E M  ---------------

OS: Windows 8.1 , 64 bit Build 9600 

CPU:total 8 (4 cores per cpu, 2 threads per core) family 6 model 60 stepping 3, cmov, cx8, fxsr, mmx, sse, sse2, sse3, ssse3, sse4.1, sse4.2, popcnt, avx, avx2, aes, clmul, erms, lzcnt, ht, tsc, tscinvbit, bmi1, bmi2

Memory: 4k page, physical 8306684k(840052k free), swap 15422344k(5460k free)

vm_info: Java HotSpot(TM) 64-Bit Server VM (25.40-b16) for windows-amd64 JRE (1.8.0_40-ea-b12), built on Oct 28 2014 23:43:29 by "java_re" with MS VC++ 10.0 (VS2010)

time: Thu Feb 13 00:40:35 2020
elapsed time: 76 seconds (0d 0h 1m 16s)

